<?xml version="1.0" encoding="UTF-8"?>
<testng-results ignored="0" total="6" passed="4" failed="2" skipped="0">
  <reporter-output>
  </reporter-output>
  <suite started-at="2022-06-27T10:47:46 IST" name="Default suite" finished-at="2022-06-27T10:49:39 IST" duration-ms="113275">
    <groups>
    </groups>
    <test started-at="2022-06-27T10:47:46 IST" name="Default test" finished-at="2022-06-27T10:49:39 IST" duration-ms="113275">
      <class name="testPackage.TesteBayFeature">
        <test-method is-config="true" signature="testBrowser()[pri:0, instance:testPackage.TesteBayFeature@654f0d9c]" started-at="2022-06-27T10:47:46 IST" name="testBrowser" finished-at="2022-06-27T10:47:50 IST" duration-ms="4498" status="PASS">
          <reporter-output>
          </reporter-output>
        </test-method> <!-- testBrowser -->
        <test-method signature="addTocartTest()[pri:0, instance:testPackage.TesteBayFeature@654f0d9c]" started-at="2022-06-27T10:47:50 IST" name="addTocartTest" finished-at="2022-06-27T10:48:04 IST" duration-ms="13153" status="PASS">
          <reporter-output>
          </reporter-output>
        </test-method> <!-- addTocartTest -->
        <test-method is-config="true" signature="tearDown()[pri:0, instance:testPackage.TesteBayFeature@654f0d9c]" started-at="2022-06-27T10:48:04 IST" name="tearDown" finished-at="2022-06-27T10:48:04 IST" duration-ms="149" status="PASS">
          <reporter-output>
          </reporter-output>
        </test-method> <!-- tearDown -->
        <test-method is-config="true" signature="testBrowser()[pri:0, instance:testPackage.TesteBayFeature@654f0d9c]" started-at="2022-06-27T10:48:04 IST" name="testBrowser" finished-at="2022-06-27T10:48:08 IST" duration-ms="3696" status="PASS">
          <reporter-output>
          </reporter-output>
        </test-method> <!-- testBrowser -->
        <test-method signature="loginTest(java.lang.String,java.lang.String)[pri:0, instance:testPackage.TesteBayFeature@654f0d9c]" started-at="2022-06-27T10:48:08 IST" name="loginTest" data-provider="eBAYLoginData" finished-at="2022-06-27T10:48:34 IST" duration-ms="26631" status="FAIL">
          <params>
            <param index="0">
              <value>
                <![CDATA[test1001@gmail.com]]>
              </value>
            </param>
            <param index="1">
              <value>
                <![CDATA[test@1001]]>
              </value>
            </param>
          </params>
          <exception class="org.openqa.selenium.ElementNotInteractableException">
            <message>
              <![CDATA[element not interactable
  (Session info: chrome=101.0.4951.64)
Build info: version: '4.2.2', revision: '683ccb65d6'
System info: host: 'Ashwinis-MacBook-Air.local', ip: '2401:4900:1bc1:959a:c8ee:3479:cc71:9867%en0', os.name: 'Mac OS X', os.arch: 'aarch64', os.version: '12.4', java.version: '17.0.2'
Driver info: org.openqa.selenium.chrome.ChromeDriver
Command: [6ea2e530cfe81adb439c907a8eb86bea, sendKeysToElement {id=95c65021-5e24-46ff-9d46-acf1fb4e6614, value=[Ljava.lang.CharSequence;@3291b443}]
Capabilities {acceptInsecureCerts: false, browserName: chrome, browserVersion: 101.0.4951.64, chrome: {chromedriverVersion: 101.0.4951.41 (93c720db8323..., userDataDir: /var/folders/y3/2w023dv97b9...}, goog:chromeOptions: {debuggerAddress: localhost:52415}, networkConnectionEnabled: false, pageLoadStrategy: normal, platformName: MAC, proxy: Proxy(), se:cdp: ws://localhost:52415/devtoo..., se:cdpVersion: 101.0.4951.64, setWindowRect: true, strictFileInteractability: false, timeouts: {implicit: 0, pageLoad: 300000, script: 30000}, unhandledPromptBehavior: dismiss and notify, webauthn:extension:credBlob: true, webauthn:extension:largeBlob: true, webauthn:virtualAuthenticators: true}
Element: [[ChromeDriver: chrome on MAC (6ea2e530cfe81adb439c907a8eb86bea)] -> id: pass]
Session ID: 6ea2e530cfe81adb439c907a8eb86bea]]>
            </message>
            <full-stacktrace>
              <![CDATA[org.openqa.selenium.ElementNotInteractableException: element not interactable
  (Session info: chrome=101.0.4951.64)
Build info: version: '4.2.2', revision: '683ccb65d6'
System info: host: 'Ashwinis-MacBook-Air.local', ip: '2401:4900:1bc1:959a:c8ee:3479:cc71:9867%en0', os.name: 'Mac OS X', os.arch: 'aarch64', os.version: '12.4', java.version: '17.0.2'
Driver info: org.openqa.selenium.chrome.ChromeDriver
Command: [6ea2e530cfe81adb439c907a8eb86bea, sendKeysToElement {id=95c65021-5e24-46ff-9d46-acf1fb4e6614, value=[Ljava.lang.CharSequence;@3291b443}]
Capabilities {acceptInsecureCerts: false, browserName: chrome, browserVersion: 101.0.4951.64, chrome: {chromedriverVersion: 101.0.4951.41 (93c720db8323..., userDataDir: /var/folders/y3/2w023dv97b9...}, goog:chromeOptions: {debuggerAddress: localhost:52415}, networkConnectionEnabled: false, pageLoadStrategy: normal, platformName: MAC, proxy: Proxy(), se:cdp: ws://localhost:52415/devtoo..., se:cdpVersion: 101.0.4951.64, setWindowRect: true, strictFileInteractability: false, timeouts: {implicit: 0, pageLoad: 300000, script: 30000}, unhandledPromptBehavior: dismiss and notify, webauthn:extension:credBlob: true, webauthn:extension:largeBlob: true, webauthn:virtualAuthenticators: true}
Element: [[ChromeDriver: chrome on MAC (6ea2e530cfe81adb439c907a8eb86bea)] -> id: pass]
Session ID: 6ea2e530cfe81adb439c907a8eb86bea
at java.base/jdk.internal.reflect.NativeConstructorAccessorImpl.newInstance0(Native Method)
at java.base/jdk.internal.reflect.NativeConstructorAccessorImpl.newInstance(NativeConstructorAccessorImpl.java:77)
at java.base/jdk.internal.reflect.DelegatingConstructorAccessorImpl.newInstance(DelegatingConstructorAccessorImpl.java:45)
at java.base/java.lang.reflect.Constructor.newInstanceWithCaller(Constructor.java:499)
at java.base/java.lang.reflect.Constructor.newInstance(Constructor.java:480)
at org.openqa.selenium.remote.codec.w3c.W3CHttpResponseCodec.createException(W3CHttpResponseCodec.java:200)
at org.openqa.selenium.remote.codec.w3c.W3CHttpResponseCodec.decode(W3CHttpResponseCodec.java:133)
at org.openqa.selenium.remote.codec.w3c.W3CHttpResponseCodec.decode(W3CHttpResponseCodec.java:53)
at org.openqa.selenium.remote.HttpCommandExecutor.execute(HttpCommandExecutor.java:184)
at org.openqa.selenium.remote.service.DriverCommandExecutor.invokeExecute(DriverCommandExecutor.java:167)
at org.openqa.selenium.remote.service.DriverCommandExecutor.execute(DriverCommandExecutor.java:142)
at org.openqa.selenium.remote.RemoteWebDriver.execute(RemoteWebDriver.java:588)
at org.openqa.selenium.remote.RemoteWebElement.execute(RemoteWebElement.java:257)
at org.openqa.selenium.remote.RemoteWebElement.sendKeys(RemoteWebElement.java:113)
at Pages.LoginPage.enterPassword(LoginPage.java:40)
at testPackage.TesteBayFeature.loginTest(TesteBayFeature.java:79)
at java.base/jdk.internal.reflect.NativeMethodAccessorImpl.invoke0(Native Method)
at java.base/jdk.internal.reflect.NativeMethodAccessorImpl.invoke(NativeMethodAccessorImpl.java:77)
at java.base/jdk.internal.reflect.DelegatingMethodAccessorImpl.invoke(DelegatingMethodAccessorImpl.java:43)
at java.base/java.lang.reflect.Method.invoke(Method.java:568)
at org.testng.internal.invokers.MethodInvocationHelper.invokeMethod(MethodInvocationHelper.java:139)
at org.testng.internal.invokers.TestInvoker.invokeMethod(TestInvoker.java:677)
at org.testng.internal.invokers.TestInvoker.invokeTestMethod(TestInvoker.java:221)
at org.testng.internal.invokers.MethodRunner.runInSequence(MethodRunner.java:50)
at org.testng.internal.invokers.TestInvoker$MethodInvocationAgent.invoke(TestInvoker.java:962)
at org.testng.internal.invokers.TestInvoker.invokeTestMethods(TestInvoker.java:194)
at org.testng.internal.invokers.TestMethodWorker.invokeTestMethods(TestMethodWorker.java:148)
at org.testng.internal.invokers.TestMethodWorker.run(TestMethodWorker.java:128)
at java.base/java.util.ArrayList.forEach(ArrayList.java:1511)
at org.testng.TestRunner.privateRun(TestRunner.java:806)
at org.testng.TestRunner.run(TestRunner.java:601)
at org.testng.SuiteRunner.runTest(SuiteRunner.java:433)
at org.testng.SuiteRunner.runSequentially(SuiteRunner.java:427)
at org.testng.SuiteRunner.privateRun(SuiteRunner.java:387)
at org.testng.SuiteRunner.run(SuiteRunner.java:330)
at org.testng.SuiteRunnerWorker.runSuite(SuiteRunnerWorker.java:52)
at org.testng.SuiteRunnerWorker.run(SuiteRunnerWorker.java:95)
at org.testng.TestNG.runSuitesSequentially(TestNG.java:1256)
at org.testng.TestNG.runSuitesLocally(TestNG.java:1176)
at org.testng.TestNG.runSuites(TestNG.java:1099)
at org.testng.TestNG.run(TestNG.java:1067)
at org.testng.remote.AbstractRemoteTestNG.run(AbstractRemoteTestNG.java:115)
at org.testng.remote.RemoteTestNG.initAndRun(RemoteTestNG.java:251)
at org.testng.remote.RemoteTestNG.main(RemoteTestNG.java:77)
]]>
            </full-stacktrace>
          </exception> <!-- org.openqa.selenium.ElementNotInteractableException -->
          <reporter-output>
          </reporter-output>
        </test-method> <!-- loginTest -->
        <test-method is-config="true" signature="tearDown()[pri:0, instance:testPackage.TesteBayFeature@654f0d9c]" started-at="2022-06-27T10:48:34 IST" name="tearDown" finished-at="2022-06-27T10:48:34 IST" duration-ms="110" status="PASS">
          <reporter-output>
          </reporter-output>
        </test-method> <!-- tearDown -->
        <test-method is-config="true" signature="testBrowser()[pri:0, instance:testPackage.TesteBayFeature@654f0d9c]" started-at="2022-06-27T10:48:34 IST" name="testBrowser" finished-at="2022-06-27T10:48:38 IST" duration-ms="3792" status="PASS">
          <reporter-output>
          </reporter-output>
        </test-method> <!-- testBrowser -->
        <test-method signature="loginTest(java.lang.String,java.lang.String)[pri:0, instance:testPackage.TesteBayFeature@654f0d9c]" started-at="2022-06-27T10:48:38 IST" name="loginTest" data-provider="eBAYLoginData" finished-at="2022-06-27T10:49:01 IST" duration-ms="22638" status="FAIL">
          <params>
            <param index="0">
              <value>
                <![CDATA[test1002@gmail.com]]>
              </value>
            </param>
            <param index="1">
              <value>
                <![CDATA[test@1002]]>
              </value>
            </param>
          </params>
          <exception class="org.openqa.selenium.ElementNotInteractableException">
            <message>
              <![CDATA[element not interactable
  (Session info: chrome=101.0.4951.64)
Build info: version: '4.2.2', revision: '683ccb65d6'
System info: host: 'Ashwinis-MacBook-Air.local', ip: '2401:4900:1bc1:959a:c8ee:3479:cc71:9867%en0', os.name: 'Mac OS X', os.arch: 'aarch64', os.version: '12.4', java.version: '17.0.2'
Driver info: org.openqa.selenium.chrome.ChromeDriver
Command: [742285728df7c172b5bc5eb3da4c2b05, sendKeysToElement {id=9ef1e4d8-1335-4941-8676-de8b0d7f581b, value=[Ljava.lang.CharSequence;@4fd05028}]
Capabilities {acceptInsecureCerts: false, browserName: chrome, browserVersion: 101.0.4951.64, chrome: {chromedriverVersion: 101.0.4951.41 (93c720db8323..., userDataDir: /var/folders/y3/2w023dv97b9...}, goog:chromeOptions: {debuggerAddress: localhost:52615}, networkConnectionEnabled: false, pageLoadStrategy: normal, platformName: MAC, proxy: Proxy(), se:cdp: ws://localhost:52615/devtoo..., se:cdpVersion: 101.0.4951.64, setWindowRect: true, strictFileInteractability: false, timeouts: {implicit: 0, pageLoad: 300000, script: 30000}, unhandledPromptBehavior: dismiss and notify, webauthn:extension:credBlob: true, webauthn:extension:largeBlob: true, webauthn:virtualAuthenticators: true}
Element: [[ChromeDriver: chrome on MAC (742285728df7c172b5bc5eb3da4c2b05)] -> id: pass]
Session ID: 742285728df7c172b5bc5eb3da4c2b05]]>
            </message>
            <full-stacktrace>
              <![CDATA[org.openqa.selenium.ElementNotInteractableException: element not interactable
  (Session info: chrome=101.0.4951.64)
Build info: version: '4.2.2', revision: '683ccb65d6'
System info: host: 'Ashwinis-MacBook-Air.local', ip: '2401:4900:1bc1:959a:c8ee:3479:cc71:9867%en0', os.name: 'Mac OS X', os.arch: 'aarch64', os.version: '12.4', java.version: '17.0.2'
Driver info: org.openqa.selenium.chrome.ChromeDriver
Command: [742285728df7c172b5bc5eb3da4c2b05, sendKeysToElement {id=9ef1e4d8-1335-4941-8676-de8b0d7f581b, value=[Ljava.lang.CharSequence;@4fd05028}]
Capabilities {acceptInsecureCerts: false, browserName: chrome, browserVersion: 101.0.4951.64, chrome: {chromedriverVersion: 101.0.4951.41 (93c720db8323..., userDataDir: /var/folders/y3/2w023dv97b9...}, goog:chromeOptions: {debuggerAddress: localhost:52615}, networkConnectionEnabled: false, pageLoadStrategy: normal, platformName: MAC, proxy: Proxy(), se:cdp: ws://localhost:52615/devtoo..., se:cdpVersion: 101.0.4951.64, setWindowRect: true, strictFileInteractability: false, timeouts: {implicit: 0, pageLoad: 300000, script: 30000}, unhandledPromptBehavior: dismiss and notify, webauthn:extension:credBlob: true, webauthn:extension:largeBlob: true, webauthn:virtualAuthenticators: true}
Element: [[ChromeDriver: chrome on MAC (742285728df7c172b5bc5eb3da4c2b05)] -> id: pass]
Session ID: 742285728df7c172b5bc5eb3da4c2b05
at java.base/jdk.internal.reflect.NativeConstructorAccessorImpl.newInstance0(Native Method)
at java.base/jdk.internal.reflect.NativeConstructorAccessorImpl.newInstance(NativeConstructorAccessorImpl.java:77)
at java.base/jdk.internal.reflect.DelegatingConstructorAccessorImpl.newInstance(DelegatingConstructorAccessorImpl.java:45)
at java.base/java.lang.reflect.Constructor.newInstanceWithCaller(Constructor.java:499)
at java.base/java.lang.reflect.Constructor.newInstance(Constructor.java:480)
at org.openqa.selenium.remote.codec.w3c.W3CHttpResponseCodec.createException(W3CHttpResponseCodec.java:200)
at org.openqa.selenium.remote.codec.w3c.W3CHttpResponseCodec.decode(W3CHttpResponseCodec.java:133)
at org.openqa.selenium.remote.codec.w3c.W3CHttpResponseCodec.decode(W3CHttpResponseCodec.java:53)
at org.openqa.selenium.remote.HttpCommandExecutor.execute(HttpCommandExecutor.java:184)
at org.openqa.selenium.remote.service.DriverCommandExecutor.invokeExecute(DriverCommandExecutor.java:167)
at org.openqa.selenium.remote.service.DriverCommandExecutor.execute(DriverCommandExecutor.java:142)
at org.openqa.selenium.remote.RemoteWebDriver.execute(RemoteWebDriver.java:588)
at org.openqa.selenium.remote.RemoteWebElement.execute(RemoteWebElement.java:257)
at org.openqa.selenium.remote.RemoteWebElement.sendKeys(RemoteWebElement.java:113)
at Pages.LoginPage.enterPassword(LoginPage.java:40)
at testPackage.TesteBayFeature.loginTest(TesteBayFeature.java:79)
at java.base/jdk.internal.reflect.NativeMethodAccessorImpl.invoke0(Native Method)
at java.base/jdk.internal.reflect.NativeMethodAccessorImpl.invoke(NativeMethodAccessorImpl.java:77)
at java.base/jdk.internal.reflect.DelegatingMethodAccessorImpl.invoke(DelegatingMethodAccessorImpl.java:43)
at java.base/java.lang.reflect.Method.invoke(Method.java:568)
at org.testng.internal.invokers.MethodInvocationHelper.invokeMethod(MethodInvocationHelper.java:139)
at org.testng.internal.invokers.TestInvoker.invokeMethod(TestInvoker.java:677)
at org.testng.internal.invokers.TestInvoker.invokeTestMethod(TestInvoker.java:221)
at org.testng.internal.invokers.MethodRunner.runInSequence(MethodRunner.java:50)
at org.testng.internal.invokers.TestInvoker$MethodInvocationAgent.invoke(TestInvoker.java:962)
at org.testng.internal.invokers.TestInvoker.invokeTestMethods(TestInvoker.java:194)
at org.testng.internal.invokers.TestMethodWorker.invokeTestMethods(TestMethodWorker.java:148)
at org.testng.internal.invokers.TestMethodWorker.run(TestMethodWorker.java:128)
at java.base/java.util.ArrayList.forEach(ArrayList.java:1511)
at org.testng.TestRunner.privateRun(TestRunner.java:806)
at org.testng.TestRunner.run(TestRunner.java:601)
at org.testng.SuiteRunner.runTest(SuiteRunner.java:433)
at org.testng.SuiteRunner.runSequentially(SuiteRunner.java:427)
at org.testng.SuiteRunner.privateRun(SuiteRunner.java:387)
at org.testng.SuiteRunner.run(SuiteRunner.java:330)
at org.testng.SuiteRunnerWorker.runSuite(SuiteRunnerWorker.java:52)
at org.testng.SuiteRunnerWorker.run(SuiteRunnerWorker.java:95)
at org.testng.TestNG.runSuitesSequentially(TestNG.java:1256)
at org.testng.TestNG.runSuitesLocally(TestNG.java:1176)
at org.testng.TestNG.runSuites(TestNG.java:1099)
at org.testng.TestNG.run(TestNG.java:1067)
at org.testng.remote.AbstractRemoteTestNG.run(AbstractRemoteTestNG.java:115)
at org.testng.remote.RemoteTestNG.initAndRun(RemoteTestNG.java:251)
at org.testng.remote.RemoteTestNG.main(RemoteTestNG.java:77)
]]>
            </full-stacktrace>
          </exception> <!-- org.openqa.selenium.ElementNotInteractableException -->
          <reporter-output>
          </reporter-output>
        </test-method> <!-- loginTest -->
        <test-method is-config="true" signature="tearDown()[pri:0, instance:testPackage.TesteBayFeature@654f0d9c]" started-at="2022-06-27T10:49:01 IST" name="tearDown" finished-at="2022-06-27T10:49:01 IST" duration-ms="109" status="PASS">
          <reporter-output>
          </reporter-output>
        </test-method> <!-- tearDown -->
        <test-method is-config="true" signature="testBrowser()[pri:0, instance:testPackage.TesteBayFeature@654f0d9c]" started-at="2022-06-27T10:49:01 IST" name="testBrowser" finished-at="2022-06-27T10:49:05 IST" duration-ms="3962" status="PASS">
          <reporter-output>
          </reporter-output>
        </test-method> <!-- testBrowser -->
        <test-method signature="loginTest(java.lang.String,java.lang.String)[pri:0, instance:testPackage.TesteBayFeature@654f0d9c]" started-at="2022-06-27T10:49:05 IST" name="loginTest" data-provider="eBAYLoginData" finished-at="2022-06-27T10:49:15 IST" duration-ms="9708" status="PASS">
          <params>
            <param index="0">
              <value>
                <![CDATA[ak321@gmail.com]]>
              </value>
            </param>
            <param index="1">
              <value>
                <![CDATA[Aryan@1500]]>
              </value>
            </param>
          </params>
          <reporter-output>
          </reporter-output>
        </test-method> <!-- loginTest -->
        <test-method is-config="true" signature="tearDown()[pri:0, instance:testPackage.TesteBayFeature@654f0d9c]" started-at="2022-06-27T10:49:15 IST" name="tearDown" finished-at="2022-06-27T10:49:15 IST" duration-ms="107" status="PASS">
          <reporter-output>
          </reporter-output>
        </test-method> <!-- tearDown -->
        <test-method is-config="true" signature="testBrowser()[pri:0, instance:testPackage.TesteBayFeature@654f0d9c]" started-at="2022-06-27T10:49:15 IST" name="testBrowser" finished-at="2022-06-27T10:49:18 IST" duration-ms="3653" status="PASS">
          <reporter-output>
          </reporter-output>
        </test-method> <!-- testBrowser -->
        <test-method signature="productSearchTest()[pri:0, instance:testPackage.TesteBayFeature@654f0d9c]" started-at="2022-06-27T10:49:18 IST" name="productSearchTest" finished-at="2022-06-27T10:49:21 IST" duration-ms="2937" status="PASS">
          <reporter-output>
          </reporter-output>
        </test-method> <!-- productSearchTest -->
        <test-method is-config="true" signature="tearDown()[pri:0, instance:testPackage.TesteBayFeature@654f0d9c]" started-at="2022-06-27T10:49:21 IST" name="tearDown" finished-at="2022-06-27T10:49:21 IST" duration-ms="106" status="PASS">
          <reporter-output>
          </reporter-output>
        </test-method> <!-- tearDown -->
        <test-method is-config="true" signature="testBrowser()[pri:0, instance:testPackage.TesteBayFeature@654f0d9c]" started-at="2022-06-27T10:49:21 IST" name="testBrowser" finished-at="2022-06-27T10:49:25 IST" duration-ms="3552" status="PASS">
          <reporter-output>
          </reporter-output>
        </test-method> <!-- testBrowser -->
        <test-method signature="registrationTest()[pri:0, instance:testPackage.TesteBayFeature@654f0d9c]" started-at="2022-06-27T10:49:25 IST" name="registrationTest" finished-at="2022-06-27T10:49:39 IST" duration-ms="13955" status="PASS">
          <reporter-output>
          </reporter-output>
        </test-method> <!-- registrationTest -->
        <test-method is-config="true" signature="tearDown()[pri:0, instance:testPackage.TesteBayFeature@654f0d9c]" started-at="2022-06-27T10:49:39 IST" name="tearDown" finished-at="2022-06-27T10:49:39 IST" duration-ms="111" status="PASS">
          <reporter-output>
          </reporter-output>
        </test-method> <!-- tearDown -->
      </class> <!-- testPackage.TesteBayFeature -->
    </test> <!-- Default test -->
  </suite> <!-- Default suite -->
</testng-results>
